"gcc-4.2 -o conftest -I/Users/Matt/.rbenv/versions/2.1.1/include/ruby-2.1.0/x86_64-darwin13.0 -I/Users/Matt/.rbenv/versions/2.1.1/include/ruby-2.1.0/ruby/backward -I/Users/Matt/.rbenv/versions/2.1.1/include/ruby-2.1.0 -I. -I/Users/Matt/.rbenv/versions/2.1.1/include  -D_XOPEN_SOURCE -D_DARWIN_C_SOURCE -D_DARWIN_UNLIMITED_SELECT -D_REENTRANT    -O3 -Wno-error=shorten-64-to-32  -pipe conftest.c  -L. -L/Users/Matt/.rbenv/versions/2.1.1/lib -lssl -lcrypto -lz     -lruby-static -framework CoreFoundation  -lpthread -ldl -lobjc "
couldn't understand kern.osversion `14.0.0'
checked program was:
/* begin */
1: #include "ruby.h"
2: 
3: int main(int argc, char **argv)
4: {
5:   return 0;
6: }
/* end */

"gcc-4.2 -o conftest -I/Users/Matt/.rbenv/versions/2.1.1/include/ruby-2.1.0/x86_64-darwin13.0 -I/Users/Matt/.rbenv/versions/2.1.1/include/ruby-2.1.0/ruby/backward -I/Users/Matt/.rbenv/versions/2.1.1/include/ruby-2.1.0 -I. -I/Users/Matt/.rbenv/versions/2.1.1/include  -D_XOPEN_SOURCE -D_DARWIN_C_SOURCE -D_DARWIN_UNLIMITED_SELECT -D_REENTRANT    -O3 -Wno-error=shorten-64-to-32  -pipe conftest.c  -L. -L/Users/Matt/.rbenv/versions/2.1.1/lib -lssl -lcrypto -lz     -lruby-static -framework CoreFoundation  -lpthread -ldl -lobjc "
couldn't understand kern.osversion `14.0.0'
checked program was:
/* begin */
1: #include "ruby.h"
2: 
3: int main() {return 0;}
/* end */

package configuration for openssl
cflags: 
ldflags: 
libs: -lssl -lcrypto -lz

have_var: checking for rb_trap_immediate in ruby.h,rubysig.h... -------------------- no

"gcc-4.2 -I/Users/Matt/.rbenv/versions/2.1.1/include/ruby-2.1.0/x86_64-darwin13.0 -I/Users/Matt/.rbenv/versions/2.1.1/include/ruby-2.1.0/ruby/backward -I/Users/Matt/.rbenv/versions/2.1.1/include/ruby-2.1.0 -I. -I/Users/Matt/.rbenv/versions/2.1.1/include  -D_XOPEN_SOURCE -D_DARWIN_C_SOURCE -D_DARWIN_UNLIMITED_SELECT -D_REENTRANT    -O3 -Wno-error=shorten-64-to-32  -pipe    -c conftest.c"
couldn't understand kern.osversion `14.0.0'
In file included from conftest.c:4:
/Users/Matt/.rbenv/versions/2.1.1/include/ruby-2.1.0/ruby/backward/rubysig.h:14:2: warning: #warning rubysig.h is obsolete
conftest.c: In function ‘t’:
conftest.c:16: error: ‘rb_trap_immediate’ undeclared (first use in this function)
conftest.c:16: error: (Each undeclared identifier is reported only once
conftest.c:16: error: for each function it appears in.)
checked program was:
/* begin */
 1: #include "ruby.h"
 2: 
 3: #include <ruby.h>
 4: #include <rubysig.h>
 5: 
 6: /*top*/
 7: extern int t(void);
 8: int main(int argc, char **argv)
 9: {
10:   if (argc > 1000000) {
11:     printf("%p", &t);
12:   }
13: 
14:   return 0;
15: }
16: int t(void) { const volatile void *volatile p; p = &(&rb_trap_immediate)[0]; return 0; }
/* end */

--------------------

have_func: checking for rb_thread_blocking_region()... -------------------- yes

"gcc-4.2 -o conftest -I/Users/Matt/.rbenv/versions/2.1.1/include/ruby-2.1.0/x86_64-darwin13.0 -I/Users/Matt/.rbenv/versions/2.1.1/include/ruby-2.1.0/ruby/backward -I/Users/Matt/.rbenv/versions/2.1.1/include/ruby-2.1.0 -I. -I/Users/Matt/.rbenv/versions/2.1.1/include  -D_XOPEN_SOURCE -D_DARWIN_C_SOURCE -D_DARWIN_UNLIMITED_SELECT -D_REENTRANT    -O3 -Wno-error=shorten-64-to-32  -pipe  conftest.c  -L. -L/Users/Matt/.rbenv/versions/2.1.1/lib -L. -L/Users/Matt/.rbenv/versions/2.1.1/lib  -fstack-protector -L/usr/local/lib      -lssl -lcrypto -lz -lruby-static -framework CoreFoundation  -lssl -lcrypto -lz -lpthread -ldl -lobjc "
couldn't understand kern.osversion `14.0.0'
conftest.c: In function ‘t’:
conftest.c:13: warning: ‘rb_thread_blocking_region’ is deprecated (declared at /Users/Matt/.rbenv/versions/2.1.1/include/ruby-2.1.0/ruby/intern.h:870)
checked program was:
/* begin */
 1: #include "ruby.h"
 2: 
 3: /*top*/
 4: extern int t(void);
 5: int main(int argc, char **argv)
 6: {
 7:   if (argc > 1000000) {
 8:     printf("%p", &t);
 9:   }
10: 
11:   return 0;
12: }
13: int t(void) { void ((*volatile p)()); p = (void ((*)()))rb_thread_blocking_region; return 0; }
/* end */

--------------------

have_func: checking for inotify_init() in sys/inotify.h... -------------------- no

"gcc-4.2 -o conftest -I/Users/Matt/.rbenv/versions/2.1.1/include/ruby-2.1.0/x86_64-darwin13.0 -I/Users/Matt/.rbenv/versions/2.1.1/include/ruby-2.1.0/ruby/backward -I/Users/Matt/.rbenv/versions/2.1.1/include/ruby-2.1.0 -I. -I/Users/Matt/.rbenv/versions/2.1.1/include  -D_XOPEN_SOURCE -D_DARWIN_C_SOURCE -D_DARWIN_UNLIMITED_SELECT -D_REENTRANT    -O3 -Wno-error=shorten-64-to-32  -pipe  conftest.c  -L. -L/Users/Matt/.rbenv/versions/2.1.1/lib -L. -L/Users/Matt/.rbenv/versions/2.1.1/lib  -fstack-protector -L/usr/local/lib      -lssl -lcrypto -lz -lruby-static -framework CoreFoundation  -lssl -lcrypto -lz -lpthread -ldl -lobjc "
couldn't understand kern.osversion `14.0.0'
conftest.c:3:25: error: sys/inotify.h: No such file or directory
conftest.c: In function ‘t’:
conftest.c:15: error: ‘inotify_init’ undeclared (first use in this function)
conftest.c:15: error: (Each undeclared identifier is reported only once
conftest.c:15: error: for each function it appears in.)
checked program was:
/* begin */
 1: #include "ruby.h"
 2: 
 3: #include <sys/inotify.h>
 4: 
 5: /*top*/
 6: extern int t(void);
 7: int main(int argc, char **argv)
 8: {
 9:   if (argc > 1000000) {
10:     printf("%p", &t);
11:   }
12: 
13:   return 0;
14: }
15: int t(void) { void ((*volatile p)()); p = (void ((*)()))inotify_init; return 0; }
/* end */

"gcc-4.2 -o conftest -I/Users/Matt/.rbenv/versions/2.1.1/include/ruby-2.1.0/x86_64-darwin13.0 -I/Users/Matt/.rbenv/versions/2.1.1/include/ruby-2.1.0/ruby/backward -I/Users/Matt/.rbenv/versions/2.1.1/include/ruby-2.1.0 -I. -I/Users/Matt/.rbenv/versions/2.1.1/include  -D_XOPEN_SOURCE -D_DARWIN_C_SOURCE -D_DARWIN_UNLIMITED_SELECT -D_REENTRANT    -O3 -Wno-error=shorten-64-to-32  -pipe  conftest.c  -L. -L/Users/Matt/.rbenv/versions/2.1.1/lib -L. -L/Users/Matt/.rbenv/versions/2.1.1/lib  -fstack-protector -L/usr/local/lib      -lssl -lcrypto -lz -lruby-static -framework CoreFoundation  -lssl -lcrypto -lz -lpthread -ldl -lobjc "
couldn't understand kern.osversion `14.0.0'
conftest.c:3:25: error: sys/inotify.h: No such file or directory
checked program was:
/* begin */
 1: #include "ruby.h"
 2: 
 3: #include <sys/inotify.h>
 4: 
 5: /*top*/
 6: extern int t(void);
 7: int main(int argc, char **argv)
 8: {
 9:   if (argc > 1000000) {
10:     printf("%p", &t);
11:   }
12: 
13:   return 0;
14: }
15: int t(void) { inotify_init(); return 0; }
/* end */

--------------------

have_macro: checking for __NR_inotify_init in sys/syscall.h... -------------------- no

"gcc-4.2 -I/Users/Matt/.rbenv/versions/2.1.1/include/ruby-2.1.0/x86_64-darwin13.0 -I/Users/Matt/.rbenv/versions/2.1.1/include/ruby-2.1.0/ruby/backward -I/Users/Matt/.rbenv/versions/2.1.1/include/ruby-2.1.0 -I. -I/Users/Matt/.rbenv/versions/2.1.1/include  -D_XOPEN_SOURCE -D_DARWIN_C_SOURCE -D_DARWIN_UNLIMITED_SELECT -D_REENTRANT    -O3 -Wno-error=shorten-64-to-32  -pipe    -c conftest.c"
couldn't understand kern.osversion `14.0.0'
conftest.c:6:3: error: #error 
conftest.c:7: error: expected identifier or ‘(’ before ‘|’ token
checked program was:
/* begin */
1: #include "ruby.h"
2: 
3: #include <sys/syscall.h>
4: /*top*/
5: #ifndef __NR_inotify_init
6: # error
7: |:/ === __NR_inotify_init undefined === /:|
8: #endif
/* end */

--------------------

have_func: checking for writev() in sys/uio.h... -------------------- yes

"gcc-4.2 -o conftest -I/Users/Matt/.rbenv/versions/2.1.1/include/ruby-2.1.0/x86_64-darwin13.0 -I/Users/Matt/.rbenv/versions/2.1.1/include/ruby-2.1.0/ruby/backward -I/Users/Matt/.rbenv/versions/2.1.1/include/ruby-2.1.0 -I. -I/Users/Matt/.rbenv/versions/2.1.1/include  -D_XOPEN_SOURCE -D_DARWIN_C_SOURCE -D_DARWIN_UNLIMITED_SELECT -D_REENTRANT    -O3 -Wno-error=shorten-64-to-32  -pipe  conftest.c  -L. -L/Users/Matt/.rbenv/versions/2.1.1/lib -L. -L/Users/Matt/.rbenv/versions/2.1.1/lib  -fstack-protector -L/usr/local/lib      -lssl -lcrypto -lz -lruby-static -framework CoreFoundation  -lssl -lcrypto -lz -lpthread -ldl -lobjc "
couldn't understand kern.osversion `14.0.0'
checked program was:
/* begin */
 1: #include "ruby.h"
 2: 
 3: #include <sys/uio.h>
 4: 
 5: /*top*/
 6: extern int t(void);
 7: int main(int argc, char **argv)
 8: {
 9:   if (argc > 1000000) {
10:     printf("%p", &t);
11:   }
12: 
13:   return 0;
14: }
15: int t(void) { void ((*volatile p)()); p = (void ((*)()))writev; return 0; }
/* end */

--------------------

have_func: checking for rb_wait_for_single_fd()... -------------------- yes

"gcc-4.2 -o conftest -I/Users/Matt/.rbenv/versions/2.1.1/include/ruby-2.1.0/x86_64-darwin13.0 -I/Users/Matt/.rbenv/versions/2.1.1/include/ruby-2.1.0/ruby/backward -I/Users/Matt/.rbenv/versions/2.1.1/include/ruby-2.1.0 -I. -I/Users/Matt/.rbenv/versions/2.1.1/include  -D_XOPEN_SOURCE -D_DARWIN_C_SOURCE -D_DARWIN_UNLIMITED_SELECT -D_REENTRANT    -O3 -Wno-error=shorten-64-to-32  -pipe  conftest.c  -L. -L/Users/Matt/.rbenv/versions/2.1.1/lib -L. -L/Users/Matt/.rbenv/versions/2.1.1/lib  -fstack-protector -L/usr/local/lib      -lssl -lcrypto -lz -lruby-static -framework CoreFoundation  -lssl -lcrypto -lz -lpthread -ldl -lobjc "
couldn't understand kern.osversion `14.0.0'
conftest.c: In function ‘t’:
conftest.c:13: error: ‘rb_wait_for_single_fd’ undeclared (first use in this function)
conftest.c:13: error: (Each undeclared identifier is reported only once
conftest.c:13: error: for each function it appears in.)
checked program was:
/* begin */
 1: #include "ruby.h"
 2: 
 3: /*top*/
 4: extern int t(void);
 5: int main(int argc, char **argv)
 6: {
 7:   if (argc > 1000000) {
 8:     printf("%p", &t);
 9:   }
10: 
11:   return 0;
12: }
13: int t(void) { void ((*volatile p)()); p = (void ((*)()))rb_wait_for_single_fd; return 0; }
/* end */

"gcc-4.2 -o conftest -I/Users/Matt/.rbenv/versions/2.1.1/include/ruby-2.1.0/x86_64-darwin13.0 -I/Users/Matt/.rbenv/versions/2.1.1/include/ruby-2.1.0/ruby/backward -I/Users/Matt/.rbenv/versions/2.1.1/include/ruby-2.1.0 -I. -I/Users/Matt/.rbenv/versions/2.1.1/include  -D_XOPEN_SOURCE -D_DARWIN_C_SOURCE -D_DARWIN_UNLIMITED_SELECT -D_REENTRANT    -O3 -Wno-error=shorten-64-to-32  -pipe  conftest.c  -L. -L/Users/Matt/.rbenv/versions/2.1.1/lib -L. -L/Users/Matt/.rbenv/versions/2.1.1/lib  -fstack-protector -L/usr/local/lib      -lssl -lcrypto -lz -lruby-static -framework CoreFoundation  -lssl -lcrypto -lz -lpthread -ldl -lobjc "
couldn't understand kern.osversion `14.0.0'
checked program was:
/* begin */
 1: #include "ruby.h"
 2: 
 3: /*top*/
 4: extern int t(void);
 5: int main(int argc, char **argv)
 6: {
 7:   if (argc > 1000000) {
 8:     printf("%p", &t);
 9:   }
10: 
11:   return 0;
12: }
13: int t(void) { rb_wait_for_single_fd(); return 0; }
/* end */

--------------------

have_func: checking for rb_enable_interrupt()... -------------------- no

"gcc-4.2 -o conftest -I/Users/Matt/.rbenv/versions/2.1.1/include/ruby-2.1.0/x86_64-darwin13.0 -I/Users/Matt/.rbenv/versions/2.1.1/include/ruby-2.1.0/ruby/backward -I/Users/Matt/.rbenv/versions/2.1.1/include/ruby-2.1.0 -I. -I/Users/Matt/.rbenv/versions/2.1.1/include  -D_XOPEN_SOURCE -D_DARWIN_C_SOURCE -D_DARWIN_UNLIMITED_SELECT -D_REENTRANT    -O3 -Wno-error=shorten-64-to-32  -pipe  conftest.c  -L. -L/Users/Matt/.rbenv/versions/2.1.1/lib -L. -L/Users/Matt/.rbenv/versions/2.1.1/lib  -fstack-protector -L/usr/local/lib      -lssl -lcrypto -lz -lruby-static -framework CoreFoundation  -lssl -lcrypto -lz -lpthread -ldl -lobjc "
couldn't understand kern.osversion `14.0.0'
conftest.c: In function ‘t’:
conftest.c:13: error: ‘rb_enable_interrupt’ undeclared (first use in this function)
conftest.c:13: error: (Each undeclared identifier is reported only once
conftest.c:13: error: for each function it appears in.)
checked program was:
/* begin */
 1: #include "ruby.h"
 2: 
 3: /*top*/
 4: extern int t(void);
 5: int main(int argc, char **argv)
 6: {
 7:   if (argc > 1000000) {
 8:     printf("%p", &t);
 9:   }
10: 
11:   return 0;
12: }
13: int t(void) { void ((*volatile p)()); p = (void ((*)()))rb_enable_interrupt; return 0; }
/* end */

"gcc-4.2 -o conftest -I/Users/Matt/.rbenv/versions/2.1.1/include/ruby-2.1.0/x86_64-darwin13.0 -I/Users/Matt/.rbenv/versions/2.1.1/include/ruby-2.1.0/ruby/backward -I/Users/Matt/.rbenv/versions/2.1.1/include/ruby-2.1.0 -I. -I/Users/Matt/.rbenv/versions/2.1.1/include  -D_XOPEN_SOURCE -D_DARWIN_C_SOURCE -D_DARWIN_UNLIMITED_SELECT -D_REENTRANT    -O3 -Wno-error=shorten-64-to-32  -pipe  conftest.c  -L. -L/Users/Matt/.rbenv/versions/2.1.1/lib -L. -L/Users/Matt/.rbenv/versions/2.1.1/lib  -fstack-protector -L/usr/local/lib      -lssl -lcrypto -lz -lruby-static -framework CoreFoundation  -lssl -lcrypto -lz -lpthread -ldl -lobjc "
couldn't understand kern.osversion `14.0.0'
Undefined symbols for architecture x86_64:
  "_rb_enable_interrupt", referenced from:
      _t in cc53VrAW.o
ld: symbol(s) not found for architecture x86_64
collect2: ld returned 1 exit status
checked program was:
/* begin */
 1: #include "ruby.h"
 2: 
 3: /*top*/
 4: extern int t(void);
 5: int main(int argc, char **argv)
 6: {
 7:   if (argc > 1000000) {
 8:     printf("%p", &t);
 9:   }
10: 
11:   return 0;
12: }
13: int t(void) { rb_enable_interrupt(); return 0; }
/* end */

--------------------

have_func: checking for rb_time_new()... -------------------- yes

"gcc-4.2 -o conftest -I/Users/Matt/.rbenv/versions/2.1.1/include/ruby-2.1.0/x86_64-darwin13.0 -I/Users/Matt/.rbenv/versions/2.1.1/include/ruby-2.1.0/ruby/backward -I/Users/Matt/.rbenv/versions/2.1.1/include/ruby-2.1.0 -I. -I/Users/Matt/.rbenv/versions/2.1.1/include  -D_XOPEN_SOURCE -D_DARWIN_C_SOURCE -D_DARWIN_UNLIMITED_SELECT -D_REENTRANT    -O3 -Wno-error=shorten-64-to-32  -pipe  conftest.c  -L. -L/Users/Matt/.rbenv/versions/2.1.1/lib -L. -L/Users/Matt/.rbenv/versions/2.1.1/lib  -fstack-protector -L/usr/local/lib      -lssl -lcrypto -lz -lruby-static -framework CoreFoundation  -lssl -lcrypto -lz -lpthread -ldl -lobjc "
couldn't understand kern.osversion `14.0.0'
checked program was:
/* begin */
 1: #include "ruby.h"
 2: 
 3: /*top*/
 4: extern int t(void);
 5: int main(int argc, char **argv)
 6: {
 7:   if (argc > 1000000) {
 8:     printf("%p", &t);
 9:   }
10: 
11:   return 0;
12: }
13: int t(void) { void ((*volatile p)()); p = (void ((*)()))rb_time_new; return 0; }
/* end */

--------------------

have_header: checking for sys/event.h... -------------------- yes

"gcc-4.2 -E -I/Users/Matt/.rbenv/versions/2.1.1/include/ruby-2.1.0/x86_64-darwin13.0 -I/Users/Matt/.rbenv/versions/2.1.1/include/ruby-2.1.0/ruby/backward -I/Users/Matt/.rbenv/versions/2.1.1/include/ruby-2.1.0 -I. -I/Users/Matt/.rbenv/versions/2.1.1/include  -D_XOPEN_SOURCE -D_DARWIN_C_SOURCE -D_DARWIN_UNLIMITED_SELECT -D_REENTRANT    -O3 -Wno-error=shorten-64-to-32  -pipe   conftest.c -o conftest.i"
couldn't understand kern.osversion `14.0.0'
checked program was:
/* begin */
1: #include "ruby.h"
2: 
3: #include <sys/event.h>
/* end */

--------------------

have_header: checking for sys/queue.h... -------------------- yes

"gcc-4.2 -E -I/Users/Matt/.rbenv/versions/2.1.1/include/ruby-2.1.0/x86_64-darwin13.0 -I/Users/Matt/.rbenv/versions/2.1.1/include/ruby-2.1.0/ruby/backward -I/Users/Matt/.rbenv/versions/2.1.1/include/ruby-2.1.0 -I. -I/Users/Matt/.rbenv/versions/2.1.1/include  -D_XOPEN_SOURCE -D_DARWIN_C_SOURCE -D_DARWIN_UNLIMITED_SELECT -D_REENTRANT    -O3 -Wno-error=shorten-64-to-32  -pipe   conftest.c -o conftest.i"
couldn't understand kern.osversion `14.0.0'
checked program was:
/* begin */
1: #include "ruby.h"
2: 
3: #include <sys/queue.h>
/* end */

--------------------

"g++ -o conftest -I/Users/Matt/.rbenv/versions/2.1.1/include/ruby-2.1.0/x86_64-darwin13.0 -I/Users/Matt/.rbenv/versions/2.1.1/include/ruby-2.1.0/ruby/backward -I/Users/Matt/.rbenv/versions/2.1.1/include/ruby-2.1.0 -I. -I/Users/Matt/.rbenv/versions/2.1.1/include  -D_XOPEN_SOURCE -D_DARWIN_C_SOURCE -D_DARWIN_UNLIMITED_SELECT -D_REENTRANT    -O3 -Wno-error=shorten-64-to-32  -pipe  conftest.c  -L. -L/Users/Matt/.rbenv/versions/2.1.1/lib -L. -L/Users/Matt/.rbenv/versions/2.1.1/lib  -fstack-protector -L/usr/local/lib      -lssl -lcrypto -lz -lruby-static -framework CoreFoundation -lstdc++ -lpthread -ldl -lobjc "
clang: warning: treating 'c' input as 'c++' when in C++ mode, this behavior is deprecated
checked program was:
/* begin */
1: #include "ruby.h"
2: 
3:   #include <utility>
4:   using namespace std;
5:   int main(){ pair<int,int> tuple = make_pair(1,2); }
/* end */

